<?xml version="1.0" encoding="UTF-8"?>
<!-- Generated by org.testng.reporters.JUnitReportReporter -->
<testsuite hostname="JANARDHAN-PC" failures="0" tests="1" name="driverFactory.DriverScript" time="7.740" errors="0" timestamp="2023-02-23T14:52:42 IST" skipped="0">
  <testcase classname="driverFactory.DriverScript" name="startTest" time="7.740"/>
  <system-out>
    <![CDATA[No of rows in TCSheet::4  No of rows in TSSheet::9
Login Success::adminflow        http://primusbank.qedgetech.com/adminflow.aspx
AdminLogout Success::]]>
  </system-out>
</testsuite> <!-- driverFactory.DriverScript -->
